<?xml version="1.0" encoding="UTF-8"?>
<!-- Generated by org.testng.reporters.JUnitReportReporter -->
<testsuite hostname="DESKTOP-VN5CE5S" failures="0" tests="5" name="testCases.TC_003LoginDDT" time="71.014" errors="0" timestamp="2023-06-01T15:30:44 IST" skipped="0">
  <testcase classname="testCases.TC_003LoginDDT" name="test_TC_003LoginDDT" time="16.016"/>
  <system-out/>
  <testcase classname="testCases.TC_003LoginDDT" name="test_TC_003LoginDDT" time="11.919"/>
  <system-out/>
  <testcase classname="testCases.TC_003LoginDDT" name="test_TC_003LoginDDT" time="12.777"/>
  <system-out/>
  <testcase classname="testCases.TC_003LoginDDT" name="test_TC_003LoginDDT" time="16.596"/>
  <system-out/>
  <testcase classname="testCases.TC_003LoginDDT" name="test_TC_003LoginDDT" time="13.706"/>
  <system-out/>
</testsuite> <!-- testCases.TC_003LoginDDT -->
